[INFO] Scanning for projects...
[INFO] 
[INFO] -----------------------< com.arushr:rentreturn >------------------------
[INFO] Building rentreturn 0.0.1-SNAPSHOT
[INFO]   from pom.xml
[INFO] --------------------------------[ jar ]---------------------------------
[INFO] 
[INFO] --- resources:3.3.1:resources (default-resources) @ rentreturn ---
[INFO] Copying 1 resource from src/main/resources to target/classes
[INFO] Copying 1 resource from src/main/resources to target/classes
[INFO] 
[INFO] --- compiler:3.14.0:compile (default-compile) @ rentreturn ---
[INFO] Nothing to compile - all classes are up to date.
[INFO] 
[INFO] --- resources:3.3.1:testResources (default-testResources) @ rentreturn ---
[INFO] skip non existing resourceDirectory /home/arushr/Documents/PROJECTS/rent-and-return/backend/src/test/resources
[INFO] 
[INFO] --- compiler:3.14.0:testCompile (default-testCompile) @ rentreturn ---
[INFO] Nothing to compile - all classes are up to date.
[INFO] 
[INFO] --- surefire:3.5.3:test (default-test) @ rentreturn ---
[INFO] Using auto detected provider org.apache.maven.surefire.junitplatform.JUnitPlatformProvider
[INFO] 
[INFO] -------------------------------------------------------
[INFO]  T E S T S
[INFO] -------------------------------------------------------
[INFO] Running com.arushr.rentreturn.service.RentalServiceImplTest
[INFO] Tests run: 25, Failures: 0, Errors: 0, Skipped: 0, Time elapsed: 4.767 s -- in com.arushr.rentreturn.service.RentalServiceImplTest
[INFO] Running com.arushr.rentreturn.service.ProductServiceImplTest
[INFO] Tests run: 19, Failures: 0, Errors: 0, Skipped: 0, Time elapsed: 0.996 s -- in com.arushr.rentreturn.service.ProductServiceImplTest
[INFO] Running com.arushr.rentreturn.service.UserServiceImplTest
[ERROR] Tests run: 29, Failures: 1, Errors: 0, Skipped: 0, Time elapsed: 0.940 s <<< FAILURE! -- in com.arushr.rentreturn.service.UserServiceImplTest
[ERROR] com.arushr.rentreturn.service.UserServiceImplTest.testUpdateUser -- Time elapsed: 0.036 s <<< FAILURE!
org.opentest4j.AssertionFailedError: expected: <updateduser> but was: <null>
	at org.junit.jupiter.api.AssertionFailureBuilder.build(AssertionFailureBuilder.java:151)
	at org.junit.jupiter.api.AssertionFailureBuilder.buildAndThrow(AssertionFailureBuilder.java:132)
	at org.junit.jupiter.api.AssertEquals.failNotEqual(AssertEquals.java:197)
	at org.junit.jupiter.api.AssertEquals.assertEquals(AssertEquals.java:182)
	at org.junit.jupiter.api.AssertEquals.assertEquals(AssertEquals.java:177)
	at org.junit.jupiter.api.Assertions.assertEquals(Assertions.java:1145)
	at com.arushr.rentreturn.service.UserServiceImplTest.testUpdateUser(UserServiceImplTest.java:189)
	at java.base/java.lang.reflect.Method.invoke(Method.java:580)
	at java.base/java.util.ArrayList.forEach(ArrayList.java:1596)
	at java.base/java.util.ArrayList.forEach(ArrayList.java:1596)

[INFO] 
[INFO] Results:
[INFO] 
[ERROR] Failures: 
[ERROR]   UserServiceImplTest.testUpdateUser:189 expected: <updateduser> but was: <null>
[INFO] 
[ERROR] Tests run: 73, Failures: 1, Errors: 0, Skipped: 0
[INFO] 
[INFO] ------------------------------------------------------------------------
[INFO] BUILD FAILURE
[INFO] ------------------------------------------------------------------------
[INFO] Total time:  15.295 s
[INFO] Finished at: 2025-07-16T17:39:11+05:30
[INFO] ------------------------------------------------------------------------
[ERROR] Failed to execute goal org.apache.maven.plugins:maven-surefire-plugin:3.5.3:test (default-test) on project rentreturn: There are test failures.
[ERROR] 
[ERROR] See /home/arushr/Documents/PROJECTS/rent-and-return/backend/target/surefire-reports for the individual test results.
[ERROR] See dump files (if any exist) [date].dump, [date]-jvmRun[N].dump and [date].dumpstream.
[ERROR] -> [Help 1]
[ERROR] 
[ERROR] To see the full stack trace of the errors, re-run Maven with the -e switch.
[ERROR] Re-run Maven using the -X switch to enable full debug logging.
[ERROR] 
[ERROR] For more information about the errors and possible solutions, please read the following articles:
[ERROR] [Help 1] http://cwiki.apache.org/confluence/display/MAVEN/MojoFailureException
